加密值:{"act":"bcBanner_getTagList","userid":2,"type":1,"token":"bf1c04da06e4271cda8ec64b027c67fe"}返回值:{"message":"\u6570\u636e\u4e3a\u7a7a","code":229,"data":[]}-2018-08-19 05:14:30

加密值:-返回值:{"message":"\u5931\u8d25","code":400,"data":""}-2018-08-19 05:15:12

加密值:-返回值:{"message":"\u5931\u8d25","code":400,"data":""}-2018-08-19 05:31:21

加密值:-返回值:{"message":"\u5931\u8d25","code":400,"data":""}-2018-08-19 05:31:22

加密值:-返回值:{"message":"\u5931\u8d25","code":400,"data":""}-2018-08-19 05:40:08

加密值:-返回值:{"message":"\u5931\u8d25","code":400,"data":""}-2018-08-19 05:40:58

加密值:{"act":"bcBanner_getTagList","userid":2,"type":1,"token":"bf1c04da06e4271cda8ec64b027c67fe"}返回值:{"message":"\u6570\u636e\u4e3a\u7a7a","code":229,"data":[]}-2018-08-19 08:34:53

加密值:{"act":"bcBanner_getTagList","userid":2,"type":1,"token":"bf1c04da06e4271cda8ec64b027c67fe"}返回值:{"message":"\u6570\u636e\u4e3a\u7a7a","code":229,"data":[]}-2018-08-19 08:35:04

加密值:-返回值:{"message":"\u5931\u8d25","code":400,"data":""}-2018-08-19 09:18:11

加密值:-返回值:{"message":"\u5931\u8d25","code":400,"data":""}-2018-08-19 09:19:14

加密值:-返回值:{"message":"\u5931\u8d25","code":400,"data":""}-2018-08-19 09:19:15

加密值:{"act":"customer_login","username":"13400077890","password":"123456","userid":2,"type":1,"token":"bf1c04da06e4271cda8ec64b027c67fe"}返回值:{"message":"\u767b\u9646\u5931\u8d25\u8d26\u53f7\u9519\u8bef","code":232,"data":[]}-2018-08-19 09:20:05

加密值:{"act":"customer_login","username":"13098877696","password":"19910705","userid":2,"type":1,"token":"bf1c04da06e4271cda8ec64b027c67fe"}返回值:{"message":"\u767b\u9646\u5931\u8d25\u5bc6\u7801\u9519\u8bef","code":233,"data":[]}-2018-08-19 09:20:32

加密值:{"act":"customer_login","username":"13098877696","password":"z19910705","userid":2,"type":1,"token":"bf1c04da06e4271cda8ec64b027c67fe"}返回值:{"message":"\u6210\u529f","code":200,"data":{"id":60,"nickname":"1309****696","img":"http:\/\/upload.hljr.com.cn\/ava@3x.png","email":"","days":53,"token":"4fce6c9796f508801c977d684d5f66aa"}}-2018-08-19 17:20:37

加密值:-返回值:{"message":"\u5931\u8d25","code":400,"data":""}-2018-08-19 09:20:46

加密值:-返回值:{"message":"\u5931\u8d25","code":400,"data":""}-2018-08-19 09:21:28

加密值:-返回值:{"message":"\u5931\u8d25","code":400,"data":""}-2018-08-19 09:21:39

加密值:-返回值:{"message":"\u5931\u8d25","code":400,"data":""}-2018-08-19 09:22:25

加密值:-返回值:{"message":"\u5931\u8d25","code":400,"data":""}-2018-08-19 09:23:07

加密值:-返回值:{"message":"\u5931\u8d25","code":400,"data":""}-2018-08-19 09:26:34

加密值:-返回值:{"message":"\u5931\u8d25","code":400,"data":""}-2018-08-19 09:29:15

加密值:-返回值:{"message":"\u5931\u8d25","code":400,"data":""}-2018-08-19 09:31:09

加密值:-返回值:{"message":"\u5931\u8d25","code":400,"data":""}-2018-08-19 09:33:21

加密值:-返回值:{"message":"\u5931\u8d25","code":400,"data":""}-2018-08-19 09:33:54

加密值:-返回值:{"message":"\u5931\u8d25","code":400,"data":""}-2018-08-19 09:38:48

加密值:-返回值:{"message":"\u5931\u8d25","code":400,"data":""}-2018-08-19 09:38:51

加密值:-返回值:{"message":"\u5931\u8d25","code":400,"data":""}-2018-08-19 09:39:10

加密值:-返回值:{"message":"\u5931\u8d25","code":400,"data":""}-2018-08-19 09:39:14

加密值:-返回值:{"message":"\u5931\u8d25","code":400,"data":""}-2018-08-19 09:40:08

加密值:-返回值:{"message":"\u5931\u8d25","code":400,"data":""}-2018-08-19 09:41:50

加密值:-返回值:{"message":"\u5931\u8d25","code":400,"data":""}-2018-08-19 09:45:45

加密值:-返回值:{"message":"\u5931\u8d25","code":400,"data":""}-2018-08-19 09:46:05

加密值:-返回值:{"message":"\u5931\u8d25","code":400,"data":""}-2018-08-19 09:46:57

加密值:-返回值:{"message":"\u5931\u8d25","code":400,"data":""}-2018-08-19 09:48:10

加密值:-返回值:{"message":"\u5931\u8d25","code":400,"data":""}-2018-08-19 09:49:45

加密值:""返回值:{"message":"\u89e3\u5bc6\u9519\u8bef","code":220,"data":""}-2018-08-19 09:50:27

加密值:-返回值:{"message":"\u5931\u8d25","code":400,"data":""}-2018-08-19 09:52:18

加密值:"11111111"返回值:{"message":"\u89e3\u5bc6\u9519\u8bef","code":220,"data":""}-2018-08-19 09:52:30

加密值:"11111111"返回值:{"message":"\u89e3\u5bc6\u9519\u8bef","code":220,"data":""}-2018-08-19 09:52:45

加密值:{"act":"customer_login","username":"13098877696","password":"z19910705","userid":2,"type":1,"token":"bf1c04da06e4271cda8ec64b027c67fe"}返回值:{"message":"\u6210\u529f","code":200,"data":{"id":60,"nickname":"1309****696","img":"http:\/\/upload.hljr.com.cn\/ava@3x.png","email":"","days":53,"token":"bfef3a6bc83e092789a99fb74381ba3c"}}-2018-08-19 17:53:00

加密值:{"act":"customer_login","username":"13098877696","password":"z19910705","userid":2,"type":1,"token":"bf1c04da06e4271cda8ec64b027c67fe"}返回值:{"message":"\u6210\u529f","code":200,"data":{"id":60,"nickname":"1309****696","img":"http:\/\/upload.hljr.com.cn\/ava@3x.png","email":"","days":53,"token":"08b8d333b7397b755e733c18dbcb5293"}}-2018-08-19 17:53:23

加密值:-返回值:{"message":"\u5931\u8d25","code":400,"data":""}-2018-08-19 09:53:36

加密值:-返回值:{"message":"\u5931\u8d25","code":400,"data":""}-2018-08-19 09:54:56

加密值:-返回值:{"message":"\u5931\u8d25","code":400,"data":""}-2018-08-19 09:56:22

加密值:-返回值:{"message":"\u5931\u8d25","code":400,"data":""}-2018-08-19 10:02:35

加密值:-返回值:{"message":"\u5931\u8d25","code":400,"data":""}-2018-08-19 10:04:39

加密值:-返回值:{"message":"\u5931\u8d25","code":400,"data":""}-2018-08-19 10:05:48

加密值:-返回值:{"message":"\u5931\u8d25","code":400,"data":""}-2018-08-19 10:05:56

加密值:-返回值:{"message":"\u5931\u8d25","code":400,"data":""}-2018-08-19 10:06:12

加密值:-返回值:{"message":"\u5931\u8d25","code":400,"data":""}-2018-08-19 10:06:39

加密值:{"act":"bcBanner_getTagList","userid":2,"type":1,"token":"bf1c04da06e4271cda8ec64b027c67fe"}返回值:{"message":"\u6570\u636e\u4e3a\u7a7a","code":229,"data":[]}-2018-08-19 10:07:45

加密值:-返回值:{"message":"\u5931\u8d25","code":400,"data":""}-2018-08-19 10:08:02

加密值:-返回值:{"message":"\u5931\u8d25","code":400,"data":""}-2018-08-19 10:08:10

加密值:{"act":"bcBanner_getTagList","userid":2,"type":1,"token":"bf1c04da06e4271cda8ec64b027c67fe"}返回值:{"message":"\u6570\u636e\u4e3a\u7a7a","code":229,"data":[]}-2018-08-19 10:08:14

加密值:-返回值:{"message":"\u5931\u8d25","code":400,"data":""}-2018-08-19 10:08:19

加密值:-返回值:{"message":"\u5931\u8d25","code":400,"data":""}-2018-08-19 10:08:53

加密值:{"userid":0}返回值:{"message":"\u89e3\u5bc6\u9519\u8bef","code":220,"data":""}-2018-08-19 10:10:15

加密值:-返回值:{"message":"\u5931\u8d25","code":400,"data":""}-2018-08-19 10:10:39

加密值:{"userid":0}返回值:{"message":"\u89e3\u5bc6\u9519\u8bef","code":220,"data":""}-2018-08-19 10:10:48

加密值:{"userid":0}返回值:{"message":"\u89e3\u5bc6\u9519\u8bef","code":220,"data":""}-2018-08-19 10:12:52

加密值:-返回值:{"message":"\u5931\u8d25","code":400,"data":""}-2018-08-19 10:13:16

加密值:-返回值:{"message":"\u5931\u8d25","code":400,"data":""}-2018-08-19 10:13:52

加密值:-返回值:{"message":"\u5931\u8d25","code":400,"data":""}-2018-08-19 10:14:43

加密值:-返回值:{"message":"\u5931\u8d25","code":400,"data":""}-2018-08-19 10:14:50

加密值:-返回值:{"message":"\u5931\u8d25","code":400,"data":""}-2018-08-19 10:15:37

加密值:-返回值:{"message":"\u5931\u8d25","code":400,"data":""}-2018-08-19 10:17:31

加密值:-返回值:{"message":"\u5931\u8d25","code":400,"data":""}-2018-08-19 10:27:05

加密值:-返回值:{"message":"\u5931\u8d25","code":400,"data":""}-2018-08-19 10:27:14

加密值:{"userid":0}返回值:{"message":"\u89e3\u5bc6\u9519\u8bef","code":220,"data":""}-2018-08-19 10:27:33

加密值:{"act":"bcBanner_getTagList","userid":0}返回值:{"message":"\u6570\u636e\u4e3a\u7a7a","code":229,"data":[]}-2018-08-19 10:28:37

加密值:{"act":"customer_login","username":"13098877696","password":"z19910705","userid":0}返回值:{"message":"\u6210\u529f","code":200,"data":{"id":60,"nickname":"1309****696","img":"http:\/\/upload.hljr.com.cn\/ava@3x.png","email":"","days":53,"token":"e4d6a1a1faafcf31613d933b125e1085"}}-2018-08-19 18:31:09

加密值:{"act":"customer_login","username":"13098877696","password":"z19910705","userid":0}返回值:{"message":"\u6210\u529f","code":200,"data":{"id":60,"nickname":"1309****696","img":"http:\/\/upload.hljr.com.cn\/ava@3x.png","email":"","days":53,"token":"7def744f50f75275163ecdd4fd9016d0"}}-2018-08-19 18:33:32

加密值:{"act":"customer_login","username":"13098877696","password":"z19910705","userid":0}返回值:{"message":"\u6210\u529f","code":200,"data":{"id":60,"nickname":"1309****696","img":"http:\/\/upload.hljr.com.cn\/ava@3x.png","email":"","days":53,"token":"be2cfb3a048567ab6ea1fcf6e5cb63ac"}}-2018-08-19 18:34:13

加密值:{"act":"customer_login","username":"13098877696","password":"z19910705","userid":0}返回值:{"message":"\u6210\u529f","code":200,"data":{"id":60,"nickname":"1309****696","img":"http:\/\/upload.hljr.com.cn\/ava@3x.png","email":"","days":53,"token":"79cbddced30be51873c2d3d96025d484"}}-2018-08-19 18:35:44

加密值:-返回值:{"message":"\u5931\u8d25","code":400,"data":""}-2018-08-19 10:35:48

加密值:{"act":"bcBanner_delTag","username":"13098877696","password":"z19910705","userid":0}返回值:{"message":"\u8bf7\u5148\u767b\u5f55","code":312,"data":""}-2018-08-19 10:37:01

加密值:{"act":"bcBanner_delTag","username":"13098877696","password":"z19910705","userid":2,"type":1,"token":"bf1c04da06e4271cda8ec64b027c67fe"}返回值:{"message":"\u8bf7\u5148\u767b\u5f55","code":312,"data":""}-2018-08-19 10:38:04

加密值:{"act":"bcBanner_delTag","userid":2,"type":1,"token":"bf1c04da06e4271cda8ec64b027c67fe"}返回值:{"message":"\u8bf7\u5148\u767b\u5f55","code":312,"data":""}-2018-08-19 10:38:23

加密值:-返回值:{"message":"\u5931\u8d25","code":400,"data":""}-2018-08-19 10:38:24

加密值:{"act":"bcBanner_delTag","username":"13098877696","password":"z19910705","token":"bf1c04da06e4271cda8ec64b027c67fe","userid":0}返回值:{"message":"\u8bf7\u5148\u767b\u5f55","code":312,"data":""}-2018-08-19 10:38:28

加密值:{"act":"bcBanner_delTag","userid":2,"type":1,"token":"bf1c04da06e4271cda8ec64b027c67fe"}返回值:{"message":"\u8bf7\u5148\u767b\u5f55","code":312,"data":""}-2018-08-19 10:38:41

加密值:{"act":"bcBanner_delTag","userid":7,"type":4,"token":"73dec68d8cefdedeb91d94d279ea37a8"}返回值:{"message":"\u6210\u529f","code":200,"data":null}-2018-08-19 10:38:59

加密值:{"act":"bcBanner_delTag","userid":7,"type":4,"token":"73dec68d8cefdedeb91d94d279ea37a8"}返回值:{"message":"\u6210\u529f","code":200,"data":null}-2018-08-19 10:41:16

加密值:-返回值:{"message":"\u5931\u8d25","code":400,"data":""}-2018-08-19 10:44:18

加密值:-返回值:{"message":"\u5931\u8d25","code":400,"data":""}-2018-08-19 10:44:19

加密值:{"act":"customer_login","username":"13098877696","password":"z19910705","userid":0}返回值:{"message":"\u6210\u529f","code":200,"data":{"id":60,"nickname":"1309****696","img":"http:\/\/upload.hljr.com.cn\/ava@3x.png","email":"","days":53,"token":"fcccaaefb53aa332bd405d0446be8ec6"}}-2018-08-19 18:44:31

加密值:{"act":"bcBanner_delTag","username":"13098877696","password":"z19910705","userid":0}返回值:{"message":"\u8bf7\u5148\u767b\u5f55","code":312,"data":""}-2018-08-19 10:47:24

加密值:{"act":"bcBanner_delTag","username":"13098877696","password":"z19910705","userid":7,"type":4,"token":"73dec68d8cefdedeb91d94d279ea37a8"}返回值:{"message":"\u5931\u8d25","code":400,"data":null}-2018-08-19 10:48:04

加密值:{"act":"bcBanner_delTag","userid":7,"type":4,"token":"73dec68d8cefdedeb91d94d279ea37a8"}返回值:{"message":"\u5931\u8d25","code":400,"data":null}-2018-08-19 10:48:21

加密值:{"act":"bcBanner_delTag","tid":"1","userid":7,"type":4,"token":"73dec68d8cefdedeb91d94d279ea37a8"}返回值:{"message":"\u5931\u8d25","code":400,"data":null}-2018-08-19 10:49:01

加密值:{"act":"bcBanner_delTag","tid":"1","userid":7,"type":4,"token":"73dec68d8cefdedeb91d94d279ea37a8"}返回值:{"message":"\u5931\u8d25","code":400,"data":null}-2018-08-19 10:49:07

加密值:{"act":"bcBanner_delTag","userid":7,"type":4,"token":"73dec68d8cefdedeb91d94d279ea37a8"}返回值:{"message":"\u6210\u529f","code":200,"data":null}-2018-08-19 10:49:47

加密值:{"act":"bcBanner_delTag","userid":7,"type":4,"token":"73dec68d8cefdedeb91d94d279ea37a8"}返回值:{"message":"\u6210\u529f","code":200,"data":null}-2018-08-19 10:50:21

加密值:{"act":"bcBanner_delTag","userid":7,"type":4,"token":"73dec68d8cefdedeb91d94d279ea37a8"}返回值:{"message":"\u6210\u529f","code":200,"data":null}-2018-08-19 10:50:35

加密值:{"act":"bcBanner_delTag","userid":7,"type":4,"token":"73dec68d8cefdedeb91d94d279ea37a8"}返回值:{"message":"\u6210\u529f","code":200,"data":null}-2018-08-19 10:51:40

加密值:{"act":"bcBanner_delTag","userid":7,"type":4,"token":"73dec68d8cefdedeb91d94d279ea37a8"}返回值:{"message":"\u6210\u529f","code":200,"data":null}-2018-08-19 10:51:49

加密值:{"act":"bcBanner_delTag","userid":7,"type":4,"token":"73dec68d8cefdedeb91d94d279ea37a8"}返回值:{"message":"\u6210\u529f","code":200,"data":null}-2018-08-19 11:02:38

加密值:{"act":"bcBanner_delTag","userid":7,"type":4,"token":"73dec68d8cefdedeb91d94d279ea37a8"}返回值:{"message":"\u6210\u529f","code":200,"data":[]}-2018-08-19 11:03:01

加密值:{"act":"bcBanner_delTag","userid":7,"type":4,"token":"73dec68d8cefdedeb91d94d279ea37a8"}返回值:{"message":"\u6210\u529f","code":200,"data":[]}-2018-08-19 11:04:45

加密值:{"act":"bcBanner_delTag","userid":7,"type":4,"token":"73dec68d8cefdedeb91d94d279ea37a8"}返回值:{"message":"\u6210\u529f","code":200,"data":null}-2018-08-19 11:14:29

加密值:{"act":"bcBanner_updateTag","userid":7,"type":4,"token":"73dec68d8cefdedeb91d94d279ea37a8"}返回值:{"message":"\u6210\u529f","code":200,"data":null}-2018-08-19 11:14:40

加密值:{"act":"bcBanner_add","userid":7,"type":4,"token":"73dec68d8cefdedeb91d94d279ea37a8"}返回值:{"message":"\u6210\u529f","code":200,"data":[]}-2018-08-19 11:14:59

加密值:{"act":"bcBanner_add","userid":18,"type":1,"token":"3a9933e2e447a6007764b0f20f841da6"}返回值:{"message":"\u8bf7\u5148\u767b\u5f55","code":312,"data":""}-2018-08-19 11:15:24

加密值:{"act":"bcBanner_add","userid":7,"type":4,"token":"73dec68d8cefdedeb91d94d279ea37a8"}返回值:{"message":"\u6210\u529f","code":200,"data":[]}-2018-08-19 11:15:28

加密值:{"act":"bcBanner_update","userid":7,"type":4,"token":"73dec68d8cefdedeb91d94d279ea37a8"}返回值:{"message":"\u5fc5\u4f20\u5b57\u6bb5\u4e3a\u7a7a","code":230,"data":""}-2018-08-19 11:16:04

加密值:{"act":"bcBanner_delTag","userid":7,"type":4,"token":"73dec68d8cefdedeb91d94d279ea37a8"}返回值:{"message":"\u6210\u529f","code":200,"data":null}-2018-08-19 11:16:33

加密值:{"act":"bcBanner_delTag","userid":7,"type":4,"token":"73dec68d8cefdedeb91d94d279ea37a8"}返回值:{"message":"\u5931\u8d25","code":400,"data":""}-2018-08-19 11:17:26

加密值:{"act":"bcBanner_delTag","userid":7,"type":4,"token":"73dec68d8cefdedeb91d94d279ea37a8"}返回值:{"message":"\u5931\u8d25","code":400,"data":""}-2018-08-19 11:17:35

加密值:{"act":"bcBanner_delTag","userid":7,"type":4,"token":"73dec68d8cefdedeb91d94d279ea37a8"}返回值:{"message":"\u5931\u8d25","code":400,"data":""}-2018-08-19 11:17:48

加密值:{"act":"bcBanner_delTag","userid":7,"type":4,"token":"73dec68d8cefdedeb91d94d279ea37a8"}返回值:{"message":"\u6210\u529f","code":200,"data":null}-2018-08-19 11:17:55

加密值:{"act":"bcBanner_delTag","userid":7,"type":4,"token":"73dec68d8cefdedeb91d94d279ea37a8"}返回值:{"message":"\u6210\u529f","code":200,"data":null}-2018-08-19 11:22:34

加密值:{"act":"bcBanner_delTag","userid":7,"type":4,"token":"73dec68d8cefdedeb91d94d279ea37a8"}返回值:{"message":"\u5fc5\u4f20\u5b57\u6bb5\u4e3a\u7a7a","code":230,"data":""}-2018-08-19 11:23:11

加密值:{"act":"bcBanner_delTag","userid":7,"type":4,"token":"73dec68d8cefdedeb91d94d279ea37a8"}返回值:{"message":"\u5fc5\u4f20\u5b57\u6bb5\u4e3a\u7a7a","code":230,"data":""}-2018-08-19 11:24:05

加密值:{"act":"bcBanner_delTag","tid":"1","userid":7,"type":4,"token":"73dec68d8cefdedeb91d94d279ea37a8"}返回值:{"message":"\u6210\u529f","code":200,"data":null}-2018-08-19 11:24:42

加密值:{"act":"bcBanner_delTag","tid":"1","userid":7,"type":4,"token":"73dec68d8cefdedeb91d94d279ea37a8"}返回值:{"message":"\u5931\u8d25","code":400,"data":""}-2018-08-19 11:26:36

加密值:{"act":"bcBanner_delTag","tid":"3","userid":7,"type":4,"token":"73dec68d8cefdedeb91d94d279ea37a8"}返回值:{"message":"\u5931\u8d25","code":400,"data":""}-2018-08-19 11:26:57

加密值:{"act":"bcBanner_delTag","tid":"3","userid":7,"type":4,"token":"73dec68d8cefdedeb91d94d279ea37a8"}返回值:{"message":"\u6210\u529f","code":200,"data":null}-2018-08-19 11:27:31

加密值:{"act":"bcBanner_delTag","tid":"3","userid":7,"type":4,"token":"73dec68d8cefdedeb91d94d279ea37a8"}返回值:{"message":"\u6210\u529f","code":200,"data":true}-2018-08-19 11:27:55

加密值:{"act":"bcBanner_delTag","userid":7,"type":4,"token":"73dec68d8cefdedeb91d94d279ea37a8"}返回值:{"message":"\u5fc5\u4f20\u5b57\u6bb5\u4e3a\u7a7a","code":230,"data":""}-2018-08-19 11:28:52

